0 info it worked if it ends with ok
1 verbose cli [ 'c:\\Program Files\\nodejs\\\\node.exe',
1 verbose cli   'c:\\Program Files\\nodejs\\node_modules\\npm\\bin\\npm-cli.js',
1 verbose cli   'install',
1 verbose cli   'docpad@6',
1 verbose cli   'docpad-plugin-cleanurls@2',
1 verbose cli   'docpad-plugin-coffeescript@2',
1 verbose cli   'docpad-plugin-dce@2',
1 verbose cli   'docpad-plugin-eco@2',
1 verbose cli   'docpad-plugin-marked@2',
1 verbose cli   'docpad-plugin-partials@2',
1 verbose cli   'docpad-plugin-related@2',
1 verbose cli   'docpad-plugin-stylus@2',
1 verbose cli   'docpad-plugin-text@2',
1 verbose cli   'docpad-plugin-iconmonstr@2',
1 verbose cli   'docpad-plugin-ghpages@2',
1 verbose cli   'docpad-plugin-contactify@2',
1 verbose cli   'docpad-plugin-restapi@2',
1 verbose cli   '--save' ]
2 info using npm@1.2.21
3 info using node@v0.10.7
4 verbose node symlink c:\Program Files\nodejs\\node.exe
5 verbose read json c:\Users\Michael\Desktop\MDM\Client Projects\SunStarIT.com\Development\Staging\package.json
6 warn package.json sunstarit.docpad@0.0.1-1 No readme data.
7 verbose read json c:\Users\Michael\Desktop\MDM\Client Projects\SunStarIT.com\Development\Staging\node_modules\docpad\package.json
8 verbose read json c:\Users\Michael\Desktop\MDM\Client Projects\SunStarIT.com\Development\Staging\node_modules\docpad-plugin-cleanurls\package.json
9 verbose read json c:\Users\Michael\Desktop\MDM\Client Projects\SunStarIT.com\Development\Staging\node_modules\docpad-plugin-coffeescript\package.json
10 verbose read json c:\Users\Michael\Desktop\MDM\Client Projects\SunStarIT.com\Development\Staging\node_modules\docpad-plugin-contactify\package.json
11 verbose read json c:\Users\Michael\Desktop\MDM\Client Projects\SunStarIT.com\Development\Staging\node_modules\docpad-plugin-eco\package.json
12 verbose read json c:\Users\Michael\Desktop\MDM\Client Projects\SunStarIT.com\Development\Staging\node_modules\docpad-plugin-ghpages\package.json
13 verbose read json c:\Users\Michael\Desktop\MDM\Client Projects\SunStarIT.com\Development\Staging\node_modules\docpad-plugin-iconmonstr\package.json
14 verbose read json c:\Users\Michael\Desktop\MDM\Client Projects\SunStarIT.com\Development\Staging\node_modules\docpad-plugin-less\package.json
15 verbose read json c:\Users\Michael\Desktop\MDM\Client Projects\SunStarIT.com\Development\Staging\node_modules\docpad-plugin-livereload\package.json
16 verbose read json c:\Users\Michael\Desktop\MDM\Client Projects\SunStarIT.com\Development\Staging\node_modules\docpad-plugin-marked\package.json
17 verbose read json c:\Users\Michael\Desktop\MDM\Client Projects\SunStarIT.com\Development\Staging\node_modules\docpad-plugin-partials\package.json
18 verbose read json c:\Users\Michael\Desktop\MDM\Client Projects\SunStarIT.com\Development\Staging\node_modules\docpad-plugin-related\package.json
19 verbose read json c:\Users\Michael\Desktop\MDM\Client Projects\SunStarIT.com\Development\Staging\node_modules\docpad-plugin-restapi\package.json
20 verbose read json c:\Users\Michael\Desktop\MDM\Client Projects\SunStarIT.com\Development\Staging\node_modules\docpad-plugin-stylus\package.json
21 verbose read json c:\Users\Michael\Desktop\MDM\Client Projects\SunStarIT.com\Development\Staging\node_modules\docpad-plugin-text\package.json
22 verbose from cache c:\Users\Michael\Desktop\MDM\Client Projects\SunStarIT.com\Development\Staging\package.json
23 verbose readDependencies using package.json deps
24 verbose cache add [ 'docpad@6', null ]
25 verbose cache add name=undefined spec="docpad@6" args=["docpad@6",null]
26 verbose parsed url { protocol: null,
26 verbose parsed url   slashes: null,
26 verbose parsed url   auth: null,
26 verbose parsed url   host: null,
26 verbose parsed url   port: null,
26 verbose parsed url   hostname: null,
26 verbose parsed url   hash: null,
26 verbose parsed url   search: null,
26 verbose parsed url   query: null,
26 verbose parsed url   pathname: 'docpad@6',
26 verbose parsed url   path: 'docpad@6',
26 verbose parsed url   href: 'docpad@6' }
27 verbose cache add name="docpad" spec="6" args=["docpad","6"]
28 verbose parsed url { protocol: null,
28 verbose parsed url   slashes: null,
28 verbose parsed url   auth: null,
28 verbose parsed url   host: null,
28 verbose parsed url   port: null,
28 verbose parsed url   hostname: null,
28 verbose parsed url   hash: null,
28 verbose parsed url   search: null,
28 verbose parsed url   query: null,
28 verbose parsed url   pathname: '6',
28 verbose parsed url   path: '6',
28 verbose parsed url   href: '6' }
29 verbose addNamed [ 'docpad', '6' ]
30 verbose addNamed [ null, '>=6.0.0- <7.0.0-' ]
31 verbose cache add [ 'docpad-plugin-cleanurls@2', null ]
32 verbose cache add name=undefined spec="docpad-plugin-cleanurls@2" args=["docpad-plugin-cleanurls@2",null]
33 verbose parsed url { protocol: null,
33 verbose parsed url   slashes: null,
33 verbose parsed url   auth: null,
33 verbose parsed url   host: null,
33 verbose parsed url   port: null,
33 verbose parsed url   hostname: null,
33 verbose parsed url   hash: null,
33 verbose parsed url   search: null,
33 verbose parsed url   query: null,
33 verbose parsed url   pathname: 'docpad-plugin-cleanurls@2',
33 verbose parsed url   path: 'docpad-plugin-cleanurls@2',
33 verbose parsed url   href: 'docpad-plugin-cleanurls@2' }
34 verbose cache add name="docpad-plugin-cleanurls" spec="2" args=["docpad-plugin-cleanurls","2"]
35 verbose parsed url { protocol: null,
35 verbose parsed url   slashes: null,
35 verbose parsed url   auth: null,
35 verbose parsed url   host: null,
35 verbose parsed url   port: null,
35 verbose parsed url   hostname: null,
35 verbose parsed url   hash: null,
35 verbose parsed url   search: null,
35 verbose parsed url   query: null,
35 verbose parsed url   pathname: '2',
35 verbose parsed url   path: '2',
35 verbose parsed url   href: '2' }
36 verbose addNamed [ 'docpad-plugin-cleanurls', '2' ]
37 verbose addNamed [ null, '>=2.0.0- <3.0.0-' ]
38 verbose cache add [ 'docpad-plugin-coffeescript@2', null ]
39 verbose cache add name=undefined spec="docpad-plugin-coffeescript@2" args=["docpad-plugin-coffeescript@2",null]
40 verbose parsed url { protocol: null,
40 verbose parsed url   slashes: null,
40 verbose parsed url   auth: null,
40 verbose parsed url   host: null,
40 verbose parsed url   port: null,
40 verbose parsed url   hostname: null,
40 verbose parsed url   hash: null,
40 verbose parsed url   search: null,
40 verbose parsed url   query: null,
40 verbose parsed url   pathname: 'docpad-plugin-coffeescript@2',
40 verbose parsed url   path: 'docpad-plugin-coffeescript@2',
40 verbose parsed url   href: 'docpad-plugin-coffeescript@2' }
41 verbose cache add name="docpad-plugin-coffeescript" spec="2" args=["docpad-plugin-coffeescript","2"]
42 verbose parsed url { protocol: null,
42 verbose parsed url   slashes: null,
42 verbose parsed url   auth: null,
42 verbose parsed url   host: null,
42 verbose parsed url   port: null,
42 verbose parsed url   hostname: null,
42 verbose parsed url   hash: null,
42 verbose parsed url   search: null,
42 verbose parsed url   query: null,
42 verbose parsed url   pathname: '2',
42 verbose parsed url   path: '2',
42 verbose parsed url   href: '2' }
43 verbose addNamed [ 'docpad-plugin-coffeescript', '2' ]
44 verbose addNamed [ null, '>=2.0.0- <3.0.0-' ]
45 verbose cache add [ 'docpad-plugin-dce@2', null ]
46 verbose cache add name=undefined spec="docpad-plugin-dce@2" args=["docpad-plugin-dce@2",null]
47 verbose parsed url { protocol: null,
47 verbose parsed url   slashes: null,
47 verbose parsed url   auth: null,
47 verbose parsed url   host: null,
47 verbose parsed url   port: null,
47 verbose parsed url   hostname: null,
47 verbose parsed url   hash: null,
47 verbose parsed url   search: null,
47 verbose parsed url   query: null,
47 verbose parsed url   pathname: 'docpad-plugin-dce@2',
47 verbose parsed url   path: 'docpad-plugin-dce@2',
47 verbose parsed url   href: 'docpad-plugin-dce@2' }
48 verbose cache add name="docpad-plugin-dce" spec="2" args=["docpad-plugin-dce","2"]
49 verbose parsed url { protocol: null,
49 verbose parsed url   slashes: null,
49 verbose parsed url   auth: null,
49 verbose parsed url   host: null,
49 verbose parsed url   port: null,
49 verbose parsed url   hostname: null,
49 verbose parsed url   hash: null,
49 verbose parsed url   search: null,
49 verbose parsed url   query: null,
49 verbose parsed url   pathname: '2',
49 verbose parsed url   path: '2',
49 verbose parsed url   href: '2' }
50 verbose addNamed [ 'docpad-plugin-dce', '2' ]
51 verbose addNamed [ null, '>=2.0.0- <3.0.0-' ]
52 verbose cache add [ 'docpad-plugin-eco@2', null ]
53 verbose cache add name=undefined spec="docpad-plugin-eco@2" args=["docpad-plugin-eco@2",null]
54 verbose parsed url { protocol: null,
54 verbose parsed url   slashes: null,
54 verbose parsed url   auth: null,
54 verbose parsed url   host: null,
54 verbose parsed url   port: null,
54 verbose parsed url   hostname: null,
54 verbose parsed url   hash: null,
54 verbose parsed url   search: null,
54 verbose parsed url   query: null,
54 verbose parsed url   pathname: 'docpad-plugin-eco@2',
54 verbose parsed url   path: 'docpad-plugin-eco@2',
54 verbose parsed url   href: 'docpad-plugin-eco@2' }
55 verbose cache add name="docpad-plugin-eco" spec="2" args=["docpad-plugin-eco","2"]
56 verbose parsed url { protocol: null,
56 verbose parsed url   slashes: null,
56 verbose parsed url   auth: null,
56 verbose parsed url   host: null,
56 verbose parsed url   port: null,
56 verbose parsed url   hostname: null,
56 verbose parsed url   hash: null,
56 verbose parsed url   search: null,
56 verbose parsed url   query: null,
56 verbose parsed url   pathname: '2',
56 verbose parsed url   path: '2',
56 verbose parsed url   href: '2' }
57 verbose addNamed [ 'docpad-plugin-eco', '2' ]
58 verbose addNamed [ null, '>=2.0.0- <3.0.0-' ]
59 verbose cache add [ 'docpad-plugin-marked@2', null ]
60 verbose cache add name=undefined spec="docpad-plugin-marked@2" args=["docpad-plugin-marked@2",null]
61 verbose parsed url { protocol: null,
61 verbose parsed url   slashes: null,
61 verbose parsed url   auth: null,
61 verbose parsed url   host: null,
61 verbose parsed url   port: null,
61 verbose parsed url   hostname: null,
61 verbose parsed url   hash: null,
61 verbose parsed url   search: null,
61 verbose parsed url   query: null,
61 verbose parsed url   pathname: 'docpad-plugin-marked@2',
61 verbose parsed url   path: 'docpad-plugin-marked@2',
61 verbose parsed url   href: 'docpad-plugin-marked@2' }
62 verbose cache add name="docpad-plugin-marked" spec="2" args=["docpad-plugin-marked","2"]
63 verbose parsed url { protocol: null,
63 verbose parsed url   slashes: null,
63 verbose parsed url   auth: null,
63 verbose parsed url   host: null,
63 verbose parsed url   port: null,
63 verbose parsed url   hostname: null,
63 verbose parsed url   hash: null,
63 verbose parsed url   search: null,
63 verbose parsed url   query: null,
63 verbose parsed url   pathname: '2',
63 verbose parsed url   path: '2',
63 verbose parsed url   href: '2' }
64 verbose addNamed [ 'docpad-plugin-marked', '2' ]
65 verbose addNamed [ null, '>=2.0.0- <3.0.0-' ]
66 verbose cache add [ 'docpad-plugin-partials@2', null ]
67 verbose cache add name=undefined spec="docpad-plugin-partials@2" args=["docpad-plugin-partials@2",null]
68 verbose parsed url { protocol: null,
68 verbose parsed url   slashes: null,
68 verbose parsed url   auth: null,
68 verbose parsed url   host: null,
68 verbose parsed url   port: null,
68 verbose parsed url   hostname: null,
68 verbose parsed url   hash: null,
68 verbose parsed url   search: null,
68 verbose parsed url   query: null,
68 verbose parsed url   pathname: 'docpad-plugin-partials@2',
68 verbose parsed url   path: 'docpad-plugin-partials@2',
68 verbose parsed url   href: 'docpad-plugin-partials@2' }
69 verbose cache add name="docpad-plugin-partials" spec="2" args=["docpad-plugin-partials","2"]
70 verbose parsed url { protocol: null,
70 verbose parsed url   slashes: null,
70 verbose parsed url   auth: null,
70 verbose parsed url   host: null,
70 verbose parsed url   port: null,
70 verbose parsed url   hostname: null,
70 verbose parsed url   hash: null,
70 verbose parsed url   search: null,
70 verbose parsed url   query: null,
70 verbose parsed url   pathname: '2',
70 verbose parsed url   path: '2',
70 verbose parsed url   href: '2' }
71 verbose addNamed [ 'docpad-plugin-partials', '2' ]
72 verbose addNamed [ null, '>=2.0.0- <3.0.0-' ]
73 verbose cache add [ 'docpad-plugin-related@2', null ]
74 verbose cache add name=undefined spec="docpad-plugin-related@2" args=["docpad-plugin-related@2",null]
75 verbose parsed url { protocol: null,
75 verbose parsed url   slashes: null,
75 verbose parsed url   auth: null,
75 verbose parsed url   host: null,
75 verbose parsed url   port: null,
75 verbose parsed url   hostname: null,
75 verbose parsed url   hash: null,
75 verbose parsed url   search: null,
75 verbose parsed url   query: null,
75 verbose parsed url   pathname: 'docpad-plugin-related@2',
75 verbose parsed url   path: 'docpad-plugin-related@2',
75 verbose parsed url   href: 'docpad-plugin-related@2' }
76 verbose cache add name="docpad-plugin-related" spec="2" args=["docpad-plugin-related","2"]
77 verbose parsed url { protocol: null,
77 verbose parsed url   slashes: null,
77 verbose parsed url   auth: null,
77 verbose parsed url   host: null,
77 verbose parsed url   port: null,
77 verbose parsed url   hostname: null,
77 verbose parsed url   hash: null,
77 verbose parsed url   search: null,
77 verbose parsed url   query: null,
77 verbose parsed url   pathname: '2',
77 verbose parsed url   path: '2',
77 verbose parsed url   href: '2' }
78 verbose addNamed [ 'docpad-plugin-related', '2' ]
79 verbose addNamed [ null, '>=2.0.0- <3.0.0-' ]
80 verbose cache add [ 'docpad-plugin-stylus@2', null ]
81 verbose cache add name=undefined spec="docpad-plugin-stylus@2" args=["docpad-plugin-stylus@2",null]
82 verbose parsed url { protocol: null,
82 verbose parsed url   slashes: null,
82 verbose parsed url   auth: null,
82 verbose parsed url   host: null,
82 verbose parsed url   port: null,
82 verbose parsed url   hostname: null,
82 verbose parsed url   hash: null,
82 verbose parsed url   search: null,
82 verbose parsed url   query: null,
82 verbose parsed url   pathname: 'docpad-plugin-stylus@2',
82 verbose parsed url   path: 'docpad-plugin-stylus@2',
82 verbose parsed url   href: 'docpad-plugin-stylus@2' }
83 verbose cache add name="docpad-plugin-stylus" spec="2" args=["docpad-plugin-stylus","2"]
84 verbose parsed url { protocol: null,
84 verbose parsed url   slashes: null,
84 verbose parsed url   auth: null,
84 verbose parsed url   host: null,
84 verbose parsed url   port: null,
84 verbose parsed url   hostname: null,
84 verbose parsed url   hash: null,
84 verbose parsed url   search: null,
84 verbose parsed url   query: null,
84 verbose parsed url   pathname: '2',
84 verbose parsed url   path: '2',
84 verbose parsed url   href: '2' }
85 verbose addNamed [ 'docpad-plugin-stylus', '2' ]
86 verbose addNamed [ null, '>=2.0.0- <3.0.0-' ]
87 verbose cache add [ 'docpad-plugin-text@2', null ]
88 verbose cache add name=undefined spec="docpad-plugin-text@2" args=["docpad-plugin-text@2",null]
89 verbose parsed url { protocol: null,
89 verbose parsed url   slashes: null,
89 verbose parsed url   auth: null,
89 verbose parsed url   host: null,
89 verbose parsed url   port: null,
89 verbose parsed url   hostname: null,
89 verbose parsed url   hash: null,
89 verbose parsed url   search: null,
89 verbose parsed url   query: null,
89 verbose parsed url   pathname: 'docpad-plugin-text@2',
89 verbose parsed url   path: 'docpad-plugin-text@2',
89 verbose parsed url   href: 'docpad-plugin-text@2' }
90 verbose cache add name="docpad-plugin-text" spec="2" args=["docpad-plugin-text","2"]
91 verbose parsed url { protocol: null,
91 verbose parsed url   slashes: null,
91 verbose parsed url   auth: null,
91 verbose parsed url   host: null,
91 verbose parsed url   port: null,
91 verbose parsed url   hostname: null,
91 verbose parsed url   hash: null,
91 verbose parsed url   search: null,
91 verbose parsed url   query: null,
91 verbose parsed url   pathname: '2',
91 verbose parsed url   path: '2',
91 verbose parsed url   href: '2' }
92 verbose addNamed [ 'docpad-plugin-text', '2' ]
93 verbose addNamed [ null, '>=2.0.0- <3.0.0-' ]
94 verbose cache add [ 'docpad-plugin-iconmonstr@2', null ]
95 verbose cache add name=undefined spec="docpad-plugin-iconmonstr@2" args=["docpad-plugin-iconmonstr@2",null]
96 verbose parsed url { protocol: null,
96 verbose parsed url   slashes: null,
96 verbose parsed url   auth: null,
96 verbose parsed url   host: null,
96 verbose parsed url   port: null,
96 verbose parsed url   hostname: null,
96 verbose parsed url   hash: null,
96 verbose parsed url   search: null,
96 verbose parsed url   query: null,
96 verbose parsed url   pathname: 'docpad-plugin-iconmonstr@2',
96 verbose parsed url   path: 'docpad-plugin-iconmonstr@2',
96 verbose parsed url   href: 'docpad-plugin-iconmonstr@2' }
97 verbose cache add name="docpad-plugin-iconmonstr" spec="2" args=["docpad-plugin-iconmonstr","2"]
98 verbose parsed url { protocol: null,
98 verbose parsed url   slashes: null,
98 verbose parsed url   auth: null,
98 verbose parsed url   host: null,
98 verbose parsed url   port: null,
98 verbose parsed url   hostname: null,
98 verbose parsed url   hash: null,
98 verbose parsed url   search: null,
98 verbose parsed url   query: null,
98 verbose parsed url   pathname: '2',
98 verbose parsed url   path: '2',
98 verbose parsed url   href: '2' }
99 verbose addNamed [ 'docpad-plugin-iconmonstr', '2' ]
100 verbose addNamed [ null, '>=2.0.0- <3.0.0-' ]
101 verbose cache add [ 'docpad-plugin-ghpages@2', null ]
102 verbose cache add name=undefined spec="docpad-plugin-ghpages@2" args=["docpad-plugin-ghpages@2",null]
103 verbose parsed url { protocol: null,
103 verbose parsed url   slashes: null,
103 verbose parsed url   auth: null,
103 verbose parsed url   host: null,
103 verbose parsed url   port: null,
103 verbose parsed url   hostname: null,
103 verbose parsed url   hash: null,
103 verbose parsed url   search: null,
103 verbose parsed url   query: null,
103 verbose parsed url   pathname: 'docpad-plugin-ghpages@2',
103 verbose parsed url   path: 'docpad-plugin-ghpages@2',
103 verbose parsed url   href: 'docpad-plugin-ghpages@2' }
104 verbose cache add name="docpad-plugin-ghpages" spec="2" args=["docpad-plugin-ghpages","2"]
105 verbose parsed url { protocol: null,
105 verbose parsed url   slashes: null,
105 verbose parsed url   auth: null,
105 verbose parsed url   host: null,
105 verbose parsed url   port: null,
105 verbose parsed url   hostname: null,
105 verbose parsed url   hash: null,
105 verbose parsed url   search: null,
105 verbose parsed url   query: null,
105 verbose parsed url   pathname: '2',
105 verbose parsed url   path: '2',
105 verbose parsed url   href: '2' }
106 verbose addNamed [ 'docpad-plugin-ghpages', '2' ]
107 verbose addNamed [ null, '>=2.0.0- <3.0.0-' ]
108 verbose cache add [ 'docpad-plugin-contactify@2', null ]
109 verbose cache add name=undefined spec="docpad-plugin-contactify@2" args=["docpad-plugin-contactify@2",null]
110 verbose parsed url { protocol: null,
110 verbose parsed url   slashes: null,
110 verbose parsed url   auth: null,
110 verbose parsed url   host: null,
110 verbose parsed url   port: null,
110 verbose parsed url   hostname: null,
110 verbose parsed url   hash: null,
110 verbose parsed url   search: null,
110 verbose parsed url   query: null,
110 verbose parsed url   pathname: 'docpad-plugin-contactify@2',
110 verbose parsed url   path: 'docpad-plugin-contactify@2',
110 verbose parsed url   href: 'docpad-plugin-contactify@2' }
111 verbose cache add name="docpad-plugin-contactify" spec="2" args=["docpad-plugin-contactify","2"]
112 verbose parsed url { protocol: null,
112 verbose parsed url   slashes: null,
112 verbose parsed url   auth: null,
112 verbose parsed url   host: null,
112 verbose parsed url   port: null,
112 verbose parsed url   hostname: null,
112 verbose parsed url   hash: null,
112 verbose parsed url   search: null,
112 verbose parsed url   query: null,
112 verbose parsed url   pathname: '2',
112 verbose parsed url   path: '2',
112 verbose parsed url   href: '2' }
113 verbose addNamed [ 'docpad-plugin-contactify', '2' ]
114 verbose addNamed [ null, '>=2.0.0- <3.0.0-' ]
115 verbose cache add [ 'docpad-plugin-restapi@2', null ]
116 verbose cache add name=undefined spec="docpad-plugin-restapi@2" args=["docpad-plugin-restapi@2",null]
117 verbose parsed url { protocol: null,
117 verbose parsed url   slashes: null,
117 verbose parsed url   auth: null,
117 verbose parsed url   host: null,
117 verbose parsed url   port: null,
117 verbose parsed url   hostname: null,
117 verbose parsed url   hash: null,
117 verbose parsed url   search: null,
117 verbose parsed url   query: null,
117 verbose parsed url   pathname: 'docpad-plugin-restapi@2',
117 verbose parsed url   path: 'docpad-plugin-restapi@2',
117 verbose parsed url   href: 'docpad-plugin-restapi@2' }
118 verbose cache add name="docpad-plugin-restapi" spec="2" args=["docpad-plugin-restapi","2"]
119 verbose parsed url { protocol: null,
119 verbose parsed url   slashes: null,
119 verbose parsed url   auth: null,
119 verbose parsed url   host: null,
119 verbose parsed url   port: null,
119 verbose parsed url   hostname: null,
119 verbose parsed url   hash: null,
119 verbose parsed url   search: null,
119 verbose parsed url   query: null,
119 verbose parsed url   pathname: '2',
119 verbose parsed url   path: '2',
119 verbose parsed url   href: '2' }
120 verbose addNamed [ 'docpad-plugin-restapi', '2' ]
121 verbose addNamed [ null, '>=2.0.0- <3.0.0-' ]
122 silly lockFile b44de181-docpad-6 docpad@6
123 verbose lock docpad@6 C:\Users\Michael\AppData\Roaming\npm-cache\b44de181-docpad-6.lock
124 silly lockFile 67cc2ec6-docpad-plugin-cleanurls-2 docpad-plugin-cleanurls@2
125 verbose lock docpad-plugin-cleanurls@2 C:\Users\Michael\AppData\Roaming\npm-cache\67cc2ec6-docpad-plugin-cleanurls-2.lock
126 silly lockFile 23d6448b-docpad-plugin-coffeescript-2 docpad-plugin-coffeescript@2
127 verbose lock docpad-plugin-coffeescript@2 C:\Users\Michael\AppData\Roaming\npm-cache\23d6448b-docpad-plugin-coffeescript-2.lock
128 silly lockFile 4de10a4f-docpad-plugin-dce-2 docpad-plugin-dce@2
129 verbose lock docpad-plugin-dce@2 C:\Users\Michael\AppData\Roaming\npm-cache\4de10a4f-docpad-plugin-dce-2.lock
130 silly lockFile f13eb4ac-docpad-plugin-eco-2 docpad-plugin-eco@2
131 verbose lock docpad-plugin-eco@2 C:\Users\Michael\AppData\Roaming\npm-cache\f13eb4ac-docpad-plugin-eco-2.lock
132 silly lockFile c7ac7749-docpad-plugin-marked-2 docpad-plugin-marked@2
133 verbose lock docpad-plugin-marked@2 C:\Users\Michael\AppData\Roaming\npm-cache\c7ac7749-docpad-plugin-marked-2.lock
134 silly lockFile 15313b60-docpad-plugin-partials-2 docpad-plugin-partials@2
135 verbose lock docpad-plugin-partials@2 C:\Users\Michael\AppData\Roaming\npm-cache\15313b60-docpad-plugin-partials-2.lock
136 silly lockFile b35dac0e-docpad-plugin-related-2 docpad-plugin-related@2
137 verbose lock docpad-plugin-related@2 C:\Users\Michael\AppData\Roaming\npm-cache\b35dac0e-docpad-plugin-related-2.lock
138 silly lockFile 29a531fa-docpad-plugin-stylus-2 docpad-plugin-stylus@2
139 verbose lock docpad-plugin-stylus@2 C:\Users\Michael\AppData\Roaming\npm-cache\29a531fa-docpad-plugin-stylus-2.lock
140 silly lockFile 7e41b6e6-docpad-plugin-text-2 docpad-plugin-text@2
141 verbose lock docpad-plugin-text@2 C:\Users\Michael\AppData\Roaming\npm-cache\7e41b6e6-docpad-plugin-text-2.lock
142 silly lockFile b443f8b2-docpad-plugin-iconmonstr-2 docpad-plugin-iconmonstr@2
143 verbose lock docpad-plugin-iconmonstr@2 C:\Users\Michael\AppData\Roaming\npm-cache\b443f8b2-docpad-plugin-iconmonstr-2.lock
144 silly lockFile 517d2139-docpad-plugin-ghpages-2 docpad-plugin-ghpages@2
145 verbose lock docpad-plugin-ghpages@2 C:\Users\Michael\AppData\Roaming\npm-cache\517d2139-docpad-plugin-ghpages-2.lock
146 silly lockFile 5a143fe0-docpad-plugin-contactify-2 docpad-plugin-contactify@2
147 verbose lock docpad-plugin-contactify@2 C:\Users\Michael\AppData\Roaming\npm-cache\5a143fe0-docpad-plugin-contactify-2.lock
148 silly lockFile 3b631e45-docpad-plugin-restapi-2 docpad-plugin-restapi@2
149 verbose lock docpad-plugin-restapi@2 C:\Users\Michael\AppData\Roaming\npm-cache\3b631e45-docpad-plugin-restapi-2.lock
150 silly addNameRange { name: 'docpad', range: '>=6.0.0- <7.0.0-', hasData: false }
151 silly addNameRange { name: 'docpad-plugin-cleanurls',
151 silly addNameRange   range: '>=2.0.0- <3.0.0-',
151 silly addNameRange   hasData: false }
152 silly addNameRange { name: 'docpad-plugin-coffeescript',
152 silly addNameRange   range: '>=2.0.0- <3.0.0-',
152 silly addNameRange   hasData: false }
153 silly addNameRange { name: 'docpad-plugin-dce',
153 silly addNameRange   range: '>=2.0.0- <3.0.0-',
153 silly addNameRange   hasData: false }
154 silly addNameRange { name: 'docpad-plugin-eco',
154 silly addNameRange   range: '>=2.0.0- <3.0.0-',
154 silly addNameRange   hasData: false }
155 silly addNameRange { name: 'docpad-plugin-marked',
155 silly addNameRange   range: '>=2.0.0- <3.0.0-',
155 silly addNameRange   hasData: false }
156 silly addNameRange { name: 'docpad-plugin-related',
156 silly addNameRange   range: '>=2.0.0- <3.0.0-',
156 silly addNameRange   hasData: false }
157 silly addNameRange { name: 'docpad-plugin-stylus',
157 silly addNameRange   range: '>=2.0.0- <3.0.0-',
157 silly addNameRange   hasData: false }
158 silly addNameRange { name: 'docpad-plugin-partials',
158 silly addNameRange   range: '>=2.0.0- <3.0.0-',
158 silly addNameRange   hasData: false }
159 silly addNameRange { name: 'docpad-plugin-text',
159 silly addNameRange   range: '>=2.0.0- <3.0.0-',
159 silly addNameRange   hasData: false }
160 silly addNameRange { name: 'docpad-plugin-ghpages',
160 silly addNameRange   range: '>=2.0.0- <3.0.0-',
160 silly addNameRange   hasData: false }
161 silly addNameRange { name: 'docpad-plugin-iconmonstr',
161 silly addNameRange   range: '>=2.0.0- <3.0.0-',
161 silly addNameRange   hasData: false }
162 silly addNameRange { name: 'docpad-plugin-contactify',
162 silly addNameRange   range: '>=2.0.0- <3.0.0-',
162 silly addNameRange   hasData: false }
163 silly addNameRange { name: 'docpad-plugin-restapi',
163 silly addNameRange   range: '>=2.0.0- <3.0.0-',
163 silly addNameRange   hasData: false }
164 verbose url raw docpad-plugin-cleanurls
165 verbose url resolving [ 'https://registry.npmjs.org/', './docpad-plugin-cleanurls' ]
166 verbose url resolved https://registry.npmjs.org/docpad-plugin-cleanurls
167 info trying registry request attempt 1 at 04:01:32
168 verbose etag "BP92CQ0M0M38A9S6SDJMZOON6"
169 http GET https://registry.npmjs.org/docpad-plugin-cleanurls
170 verbose url raw docpad-plugin-dce
171 verbose url resolving [ 'https://registry.npmjs.org/', './docpad-plugin-dce' ]
172 verbose url resolved https://registry.npmjs.org/docpad-plugin-dce
173 info trying registry request attempt 1 at 04:01:32
174 verbose etag "77G6M0D55ICS8D87U13JOGP07"
175 http GET https://registry.npmjs.org/docpad-plugin-dce
176 verbose url raw docpad-plugin-coffeescript
177 verbose url resolving [ 'https://registry.npmjs.org/',
177 verbose url resolving   './docpad-plugin-coffeescript' ]
178 verbose url resolved https://registry.npmjs.org/docpad-plugin-coffeescript
179 info trying registry request attempt 1 at 04:01:32
180 verbose etag "W5PQ42M2CYJPJUOPUPLGK3VC"
181 http GET https://registry.npmjs.org/docpad-plugin-coffeescript
182 verbose url raw docpad
183 verbose url resolving [ 'https://registry.npmjs.org/', './docpad' ]
184 verbose url resolved https://registry.npmjs.org/docpad
185 info trying registry request attempt 1 at 04:01:32
186 verbose etag "BLB0CPGYOEYRZG2HV4NZUA8FK"
187 http GET https://registry.npmjs.org/docpad
188 verbose url raw docpad-plugin-eco
189 verbose url resolving [ 'https://registry.npmjs.org/', './docpad-plugin-eco' ]
190 verbose url resolved https://registry.npmjs.org/docpad-plugin-eco
191 info trying registry request attempt 1 at 04:01:32
192 verbose etag "83GE8QEUGFKZS87AYVK9S9RFX"
193 http GET https://registry.npmjs.org/docpad-plugin-eco
194 verbose url raw docpad-plugin-stylus
195 verbose url resolving [ 'https://registry.npmjs.org/', './docpad-plugin-stylus' ]
196 verbose url resolved https://registry.npmjs.org/docpad-plugin-stylus
197 info trying registry request attempt 1 at 04:01:32
198 verbose etag "18FU5PITSDWHSY6UMDKGAV0HL"
199 http GET https://registry.npmjs.org/docpad-plugin-stylus
200 verbose url raw docpad-plugin-contactify
201 verbose url resolving [ 'https://registry.npmjs.org/', './docpad-plugin-contactify' ]
202 verbose url resolved https://registry.npmjs.org/docpad-plugin-contactify
203 info trying registry request attempt 1 at 04:01:32
204 verbose etag "AZBH3WX8DMVUT618XFEBNS3S"
205 http GET https://registry.npmjs.org/docpad-plugin-contactify
206 verbose url raw docpad-plugin-partials
207 verbose url resolving [ 'https://registry.npmjs.org/', './docpad-plugin-partials' ]
208 verbose url resolved https://registry.npmjs.org/docpad-plugin-partials
209 info trying registry request attempt 1 at 04:01:32
210 verbose etag "7DZKTKWI31SJBSZ2PGD47AMI9"
211 http GET https://registry.npmjs.org/docpad-plugin-partials
212 verbose url raw docpad-plugin-marked
213 verbose url resolving [ 'https://registry.npmjs.org/', './docpad-plugin-marked' ]
214 verbose url resolved https://registry.npmjs.org/docpad-plugin-marked
215 info trying registry request attempt 1 at 04:01:32
216 verbose etag "84VNLNCY5BV7O337XY17GM6LA"
217 http GET https://registry.npmjs.org/docpad-plugin-marked
218 verbose url raw docpad-plugin-ghpages
219 verbose url resolving [ 'https://registry.npmjs.org/', './docpad-plugin-ghpages' ]
220 verbose url resolved https://registry.npmjs.org/docpad-plugin-ghpages
221 info trying registry request attempt 1 at 04:01:32
222 verbose etag "9SNDPDROTB4F570RHRPLMCFE3"
223 http GET https://registry.npmjs.org/docpad-plugin-ghpages
224 verbose url raw docpad-plugin-related
225 verbose url resolving [ 'https://registry.npmjs.org/', './docpad-plugin-related' ]
226 verbose url resolved https://registry.npmjs.org/docpad-plugin-related
227 info trying registry request attempt 1 at 04:01:32
228 verbose etag "F1OYPBYFIDJN2MQ6TXPHQ5BG1"
229 http GET https://registry.npmjs.org/docpad-plugin-related
230 verbose url raw docpad-plugin-restapi
231 verbose url resolving [ 'https://registry.npmjs.org/', './docpad-plugin-restapi' ]
232 verbose url resolved https://registry.npmjs.org/docpad-plugin-restapi
233 info trying registry request attempt 1 at 04:01:32
234 verbose etag "4UF86FL76K506JUKIN27BMH3H"
235 http GET https://registry.npmjs.org/docpad-plugin-restapi
236 verbose url raw docpad-plugin-iconmonstr
237 verbose url resolving [ 'https://registry.npmjs.org/', './docpad-plugin-iconmonstr' ]
238 verbose url resolved https://registry.npmjs.org/docpad-plugin-iconmonstr
239 info trying registry request attempt 1 at 04:01:32
240 verbose etag "6YUYOSLJ5FMR7M7J1IPINEB7G"
241 http GET https://registry.npmjs.org/docpad-plugin-iconmonstr
242 verbose url raw docpad-plugin-text
243 verbose url resolving [ 'https://registry.npmjs.org/', './docpad-plugin-text' ]
244 verbose url resolved https://registry.npmjs.org/docpad-plugin-text
245 info trying registry request attempt 1 at 04:01:32
246 verbose etag "UUG9GBP608B8A2J069RYV19D"
247 http GET https://registry.npmjs.org/docpad-plugin-text
248 http 304 https://registry.npmjs.org/docpad-plugin-dce
249 silly registry.get cb [ 304,
249 silly registry.get   { server: 'CouchDB/1.3.1 (Erlang OTP/R15B03)',
249 silly registry.get     etag: '"77G6M0D55ICS8D87U13JOGP07"',
249 silly registry.get     date: 'Tue, 22 Oct 2013 08:01:27 GMT',
249 silly registry.get     'content-length': '0' } ]
250 verbose etag docpad-plugin-dce from cache
251 http 304 https://registry.npmjs.org/docpad-plugin-coffeescript
252 silly registry.get cb [ 304,
252 silly registry.get   { server: 'CouchDB/1.3.1 (Erlang OTP/R15B03)',
252 silly registry.get     etag: '"W5PQ42M2CYJPJUOPUPLGK3VC"',
252 silly registry.get     date: 'Tue, 22 Oct 2013 08:01:27 GMT',
252 silly registry.get     'content-length': '0' } ]
253 verbose etag docpad-plugin-coffeescript from cache
254 silly addNameRange number 2 { name: 'docpad-plugin-dce',
254 silly addNameRange   range: '>=2.0.0- <3.0.0-',
254 silly addNameRange   hasData: true }
255 silly addNameRange versions [ 'docpad-plugin-dce', [ '0.9.1', '0.9.2' ] ]
256 silly lockFile 4de10a4f-docpad-plugin-dce-2 docpad-plugin-dce@2
257 silly lockFile 4de10a4f-docpad-plugin-dce-2 docpad-plugin-dce@2
258 error Error: No compatible version found: docpad-plugin-dce@'>=2.0.0- <3.0.0-'
258 error Valid install targets:
258 error ["0.9.1","0.9.2"]
258 error     at installTargetsError (c:\Program Files\nodejs\node_modules\npm\lib\cache.js:709:10)
258 error     at next (c:\Program Files\nodejs\node_modules\npm\lib\cache.js:688:17)
258 error     at c:\Program Files\nodejs\node_modules\npm\lib\cache.js:668:5
258 error     at saved (c:\Program Files\nodejs\node_modules\npm\node_modules\npm-registry-client\lib\get.js:138:7)
258 error     at Object.oncomplete (fs.js:107:15)
259 error If you need help, you may report this log at:
259 error     <http://github.com/isaacs/npm/issues>
259 error or email it to:
259 error     <npm-@googlegroups.com>
260 error System Windows_NT 6.2.9200
261 error command "c:\\Program Files\\nodejs\\\\node.exe" "c:\\Program Files\\nodejs\\node_modules\\npm\\bin\\npm-cli.js" "install" "docpad@6" "docpad-plugin-cleanurls@2" "docpad-plugin-coffeescript@2" "docpad-plugin-dce@2" "docpad-plugin-eco@2" "docpad-plugin-marked@2" "docpad-plugin-partials@2" "docpad-plugin-related@2" "docpad-plugin-stylus@2" "docpad-plugin-text@2" "docpad-plugin-iconmonstr@2" "docpad-plugin-ghpages@2" "docpad-plugin-contactify@2" "docpad-plugin-restapi@2" "--save"
262 error cwd c:\Users\Michael\Desktop\MDM\Client Projects\SunStarIT.com\Development\Staging
263 error node -v v0.10.7
264 error npm -v 1.2.21
265 verbose exit [ 1, true ]
